Determining if the pthread_create exist failed with the following output:
Change Dir: /home/ahmed/code/c/Backup-UDP/restore0/ReliableUdpTransfer/enhancedUdpServer/cmake-build-debug/CMakeFiles/CMakeTmp

Run Build Command:"/usr/bin/make" "cmTC_e1869/fast"
/usr/bin/make -f CMakeFiles/cmTC_e1869.dir/build.make CMakeFiles/cmTC_e1869.dir/build
make[1]: Entering directory '/home/ahmed/code/c/Backup-UDP/restore0/ReliableUdpTransfer/enhancedUdpServer/cmake-build-debug/CMakeFiles/CMakeTmp'
Building C object CMakeFiles/cmTC_e1869.dir/CheckSymbolExists.c.o
/usr/bin/cc     -o CMakeFiles/cmTC_e1869.dir/CheckSymbolExists.c.o   -c /home/ahmed/code/c/Backup-UDP/restore0/ReliableUdpTransfer/enhancedUdpServer/cmake-build-debug/CMakeFiles/CMakeTmp/CheckSymbolExists.c
Linking C executable cmTC_e1869
/opt/clion-2016.3/bin/cmake/bin/cmake -E cmake_link_script CMakeFiles/cmTC_e1869.dir/link.txt --verbose=1
/usr/bin/cc       CMakeFiles/cmTC_e1869.dir/CheckSymbolExists.c.o  -o cmTC_e1869 
CMakeFiles/cmTC_e1869.dir/CheckSymbolExists.c.o: In function `main':
CheckSymbolExists.c:(.text+0x16): undefined reference to `pthread_create'
collect2: error: ld returned 1 exit status
CMakeFiles/cmTC_e1869.dir/build.make:97: recipe for target 'cmTC_e1869' failed
make[1]: *** [cmTC_e1869] Error 1
make[1]: Leaving directory '/home/ahmed/code/c/Backup-UDP/restore0/ReliableUdpTransfer/enhancedUdpServer/cmake-build-debug/CMakeFiles/CMakeTmp'
Makefile:126: recipe for target 'cmTC_e1869/fast' failed
make: *** [cmTC_e1869/fast] Error 2

File /home/ahmed/code/c/Backup-UDP/restore0/ReliableUdpTransfer/enhancedUdpServer/cmake-build-debug/CMakeFiles/CMakeTmp/CheckSymbolExists.c:
/* */
#include <pthread.h>

int main(int argc, char** argv)
{
  (void)argv;
#ifndef pthread_create
  return ((int*)(&pthread_create))[argc];
#else
  (void)argc;
  return 0;
#endif
}

Determining if the function pthread_create exists in the pthreads failed with the following output:
Change Dir: /home/ahmed/code/c/Backup-UDP/restore0/ReliableUdpTransfer/enhancedUdpServer/cmake-build-debug/CMakeFiles/CMakeTmp

Run Build Command:"/usr/bin/make" "cmTC_d8db9/fast"
/usr/bin/make -f CMakeFiles/cmTC_d8db9.dir/build.make CMakeFiles/cmTC_d8db9.dir/build
make[1]: Entering directory '/home/ahmed/code/c/Backup-UDP/restore0/ReliableUdpTransfer/enhancedUdpServer/cmake-build-debug/CMakeFiles/CMakeTmp'
Building C object CMakeFiles/cmTC_d8db9.dir/CheckFunctionExists.c.o
/usr/bin/cc    -DCHECK_FUNCTION_EXISTS=pthread_create   -o CMakeFiles/cmTC_d8db9.dir/CheckFunctionExists.c.o   -c /opt/clion-2016.3/bin/cmake/share/cmake-3.6/Modules/CheckFunctionExists.c
Linking C executable cmTC_d8db9
/opt/clion-2016.3/bin/cmake/bin/cmake -E cmake_link_script CMakeFiles/cmTC_d8db9.dir/link.txt --verbose=1
/usr/bin/cc   -DCHECK_FUNCTION_EXISTS=pthread_create    CMakeFiles/cmTC_d8db9.dir/CheckFunctionExists.c.o  -o cmTC_d8db9 -lpthreads 
/usr/bin/ld: cannot find -lpthreads
collect2: error: ld returned 1 exit status
CMakeFiles/cmTC_d8db9.dir/build.make:97: recipe for target 'cmTC_d8db9' failed
make[1]: *** [cmTC_d8db9] Error 1
make[1]: Leaving directory '/home/ahmed/code/c/Backup-UDP/restore0/ReliableUdpTransfer/enhancedUdpServer/cmake-build-debug/CMakeFiles/CMakeTmp'
Makefile:126: recipe for target 'cmTC_d8db9/fast' failed
make: *** [cmTC_d8db9/fast] Error 2


